<?xml version="1.0" encoding="UTF-8"?>
<!-- Generated by org.testng.reporters.JUnitReportReporter -->
<testsuite hostname="LAPTOP-2EFVOM3E" failures="0" tests="2" name="day2.CreatePostRequestwithOrgJson" time="10.165" errors="0" timestamp="2024-06-23T22:50:17 IST" skipped="0">
  <testcase classname="day2.CreatePostRequestwithOrgJson" name="createData" time="0.139"/>
  <system-out/>
  <testcase classname="day2.CreatePostRequestwithOrgJson" name="deleteData" time="10.026"/>
  <system-out/>
</testsuite> <!-- day2.CreatePostRequestwithOrgJson -->
