<?xml version="1.0" encoding="UTF-8"?>
<!-- Generated by org.testng.reporters.JUnitReportReporter -->
<testsuite hostname="LAPTOP-2EFVOM3E" failures="0" tests="2" name="day2.CreatePostRequestWithJacksonDataBind" time="11.961" errors="0" timestamp="2024-06-23T22:50:17 IST" skipped="0">
  <testcase classname="day2.CreatePostRequestWithJacksonDataBind" name="createData" time="1.778"/>
  <system-out/>
  <testcase classname="day2.CreatePostRequestWithJacksonDataBind" name="deleteData" time="10.183"/>
  <system-out/>
</testsuite> <!-- day2.CreatePostRequestWithJacksonDataBind -->
