<?xml version="1.0" encoding="UTF-8"?>
<!-- Generated by org.testng.reporters.JUnitReportReporter -->
<testsuite hostname="LAPTOP-2EFVOM3E" failures="0" tests="2" name="day3.CookiesDemo" time="7.097" errors="0" timestamp="2024-06-24T22:55:18 IST" skipped="0">
  <testcase classname="day3.CookiesDemo" name="testCookies" time="6.787"/>
  <system-out/>
  <testcase classname="day3.CookiesDemo" name="getCookiesInfo" time="0.310"/>
  <system-out/>
</testsuite> <!-- day3.CookiesDemo -->
