<?xml version="1.0" encoding="UTF-8"?>
<!-- Generated by org.testng.reporters.JUnitReportReporter -->
<testsuite hostname="LAPTOP-2EFVOM3E" failures="0" tests="2" name="day3.HeadersDemo" time="5.751" errors="0" timestamp="2024-06-24T23:11:23 IST" skipped="0">
  <testcase classname="day3.HeadersDemo" name="testHeaders" time="5.000"/>
  <system-out/>
  <testcase classname="day3.HeadersDemo" name="getHeaders" time="0.751"/>
  <system-out/>
</testsuite> <!-- day3.HeadersDemo -->
