<?xml version="1.0" encoding="UTF-8"?>
<!-- Generated by org.testng.reporters.JUnitReportReporter -->
<testsuite hostname="LAPTOP-2EFVOM3E" failures="0" tests="1" name="day3.PathAndQueryParameters" time="5.605" errors="0" timestamp="2024-06-24T22:20:21 IST" skipped="0">
  <testcase classname="day3.PathAndQueryParameters" name="testQueryandPathParameters" time="5.605"/>
  <system-out/>
</testsuite> <!-- day3.PathAndQueryParameters -->
