<?xml version="1.0" encoding="UTF-8"?>
<!-- Generated by org.testng.reporters.JUnitReportReporter -->
<testsuite hostname="LAPTOP-2EFVOM3E" failures="0" tests="1" name="day6.JsonschemaValidation" time="8.289" errors="0" timestamp="2024-06-27T22:22:51 IST" skipped="0">
  <testcase classname="day6.JsonschemaValidation" name="jsonschemavalidation" time="8.289"/>
  <system-out/>
</testsuite> <!-- day6.JsonschemaValidation -->
