<?xml version="1.0" encoding="UTF-8"?>
<!-- Generated by org.testng.reporters.JUnitReportReporter -->
<testsuite hostname="LAPTOP-2EFVOM3E" failures="0" tests="1" name="day7.FakerDataGenerator" time="0.759" errors="0" timestamp="2024-06-29T18:01:23 IST" skipped="0">
  <testcase classname="day7.FakerDataGenerator" name="fakeDataGenerator" time="0.759"/>
  <system-out/>
</testsuite> <!-- day7.FakerDataGenerator -->
