<?xml version="1.0" encoding="UTF-8"?>
<!-- Generated by org.testng.reporters.JUnitReportReporter -->
<testsuite hostname="LAPTOP-2EFVOM3E" failures="0" tests="2" name="day2.CreatePostRequestWithPOJO" time="11.316" errors="0" timestamp="2024-06-23T22:50:17 IST" skipped="0">
  <testcase classname="day2.CreatePostRequestWithPOJO" name="createData" time="0.125"/>
  <system-out/>
  <testcase classname="day2.CreatePostRequestWithPOJO" name="deleteData" time="11.191"/>
  <system-out/>
</testsuite> <!-- day2.CreatePostRequestWithPOJO -->
