<?xml version="1.0" encoding="UTF-8"?>
<!-- Generated by org.testng.reporters.JUnitReportReporter -->
<testsuite hostname="LAPTOP-2EFVOM3E" failures="0" tests="1" name="day3.Logging" time="4.976" errors="0" timestamp="2024-06-24T23:23:13 IST" skipped="0">
  <testcase classname="day3.Logging" name="testLogs" time="4.976"/>
  <system-out/>
</testsuite> <!-- day3.Logging -->
