<?xml version="1.0" encoding="UTF-8"?>
<!-- Generated by org.testng.reporters.JUnitReportReporter -->
<testsuite hostname="LAPTOP-2EFVOM3E" failures="0" tests="2" name="day6.SerializationDeserilaization" time="2.021" errors="0" timestamp="2024-06-27T22:54:34 IST" skipped="0">
  <testcase classname="day6.SerializationDeserilaization" name="convertPOJO2JSON" time="0.090"/>
  <system-out/>
  <testcase classname="day6.SerializationDeserilaization" name="convertJSON2POJO" time="1.931"/>
  <system-out/>
</testsuite> <!-- day6.SerializationDeserilaization -->
