<?xml version="1.0" encoding="UTF-8"?>
<!-- Generated by org.testng.reporters.JUnitReportReporter -->
<testsuite hostname="LAPTOP-2EFVOM3E" failures="0" tests="4" name="day1.HttpRequests" time="6.730" errors="0" timestamp="2024-06-02T11:21:24 IST" skipped="0">
  <testcase classname="day1.HttpRequests" name="getUsers" time="4.299"/>
  <system-out/>
  <testcase classname="day1.HttpRequests" name="createUser" time="1.398"/>
  <system-out/>
  <testcase classname="day1.HttpRequests" name="updateUser" time="0.493"/>
  <system-out/>
  <testcase classname="day1.HttpRequests" name="deleteUser" time="0.540"/>
  <system-out/>
</testsuite> <!-- day1.HttpRequests -->
