<?xml version="1.0" encoding="UTF-8"?>
<!-- Generated by org.testng.reporters.JUnitReportReporter -->
<testsuite hostname="LAPTOP-2EFVOM3E" failures="0" tests="3" name="day4.ParsingJsonResponseData" time="2.829" errors="0" timestamp="2024-06-26T23:38:57 IST" skipped="0">
  <testcase classname="day4.ParsingJsonResponseData" name="testJsonResponse" time="2.759"/>
  <system-out/>
  <testcase classname="day4.ParsingJsonResponseData" name="testJsonResponseBodyData" time="0.043"/>
  <system-out/>
  <testcase classname="day4.ParsingJsonResponseData" name="testJsonResponseBodyData2" time="0.027"/>
  <system-out/>
</testsuite> <!-- day4.ParsingJsonResponseData -->
