<?xml version="1.0" encoding="UTF-8"?>
<!-- Generated by org.testng.reporters.JUnitReportReporter -->
<testsuite hostname="LAPTOP-2EFVOM3E" failures="0" tests="2" name="day2.CreatePostRequestwithExternalJsonFile" time="13.780" errors="0" timestamp="2024-06-23T22:50:17 IST" skipped="0">
  <testcase classname="day2.CreatePostRequestwithExternalJsonFile" name="createData" time="3.739"/>
  <system-out/>
  <testcase classname="day2.CreatePostRequestwithExternalJsonFile" name="deleteData" time="10.041"/>
  <system-out/>
</testsuite> <!-- day2.CreatePostRequestwithExternalJsonFile -->
