<?xml version="1.0" encoding="UTF-8"?>
<!-- Generated by org.testng.reporters.JUnitReportReporter -->
<testsuite hostname="LAPTOP-2EFVOM3E" failures="0" tests="1" name="day6.TestClass" time="74.910" errors="0" timestamp="2024-06-29T16:20:27 IST" skipped="0">
  <testcase classname="day6.TestClass" name="testPOJO" time="74.910"/>
  <system-out/>
</testsuite> <!-- day6.TestClass -->
